Error#2015-10-28 23:12:46: 该服务器不可操作。

   在 System.DirectoryServices.DirectoryEntry.Bind(Boolean throwIfFail)
   在 System.DirectoryServices.DirectoryEntry.Bind()
   在 System.DirectoryServices.DirectoryEntry.get_IsContainer()
   在 System.DirectoryServices.DirectoryEntries.CheckIsContainer()
   在 System.DirectoryServices.DirectoryEntries.Find(String name, String schemaClassName)
   在 System.DirectoryServices.DirectoryEntries.Find(String name)
   在 FileManager.Bll.ADHelper.CreateNewUser(String ldapDN, String commonName, String sAMAccountName, String password) 位置 E:\C#WINFORM_2015\私单资料准备\CSkin\bak\360安全卫士DEMO-10.30更新\360安全卫士DEMO-10.30更新\bak_5_7\域账号登录版本\6\setupWithNoDB\FileManager.Bll\ADHelper.cs:行号 476
   在 FileManager.Bll.ADHelper.CreateNewUser(String commonName, String sAMAccountName, String password) 位置 E:\C#WINFORM_2015\私单资料准备\CSkin\bak\360安全卫士DEMO-10.30更新\360安全卫士DEMO-10.30更新\bak_5_7\域账号登录版本\6\setupWithNoDB\FileManager.Bll\ADHelper.cs:行号 498
   在 FileManager.Bll.ADHelper.AddNewUser(String commonName, String sAMAccountName, String password) 位置 E:\C#WINFORM_2015\私单资料准备\CSkin\bak\360安全卫士DEMO-10.30更新\360安全卫士DEMO-10.30更新\bak_5_7\域账号登录版本\6\setupWithNoDB\FileManager.Bll\ADHelper.cs:行号 70
Error#2015-10-28 23:28:25: 该服务器不可操作。

   在 System.DirectoryServices.DirectoryEntry.Bind(Boolean throwIfFail)
   在 System.DirectoryServices.DirectoryEntry.Bind()
   在 System.DirectoryServices.DirectoryEntry.get_IsContainer()
   在 System.DirectoryServices.DirectoryEntries.CheckIsContainer()
   在 System.DirectoryServices.DirectoryEntries.Find(String name, String schemaClassName)
   在 System.DirectoryServices.DirectoryEntries.Find(String name)
   在 FileManager.Bll.ADHelper.CreateNewUser(String ldapDN, String commonName, String sAMAccountName, String password) 位置 E:\C#WINFORM_2015\私单资料准备\CSkin\bak\360安全卫士DEMO-10.30更新\360安全卫士DEMO-10.30更新\bak_5_7\域账号登录版本\6\setupWithNoDB\FileManager.Bll\ADHelper.cs:行号 476
   在 FileManager.Bll.ADHelper.CreateNewUser(String commonName, String sAMAccountName, String password) 位置 E:\C#WINFORM_2015\私单资料准备\CSkin\bak\360安全卫士DEMO-10.30更新\360安全卫士DEMO-10.30更新\bak_5_7\域账号登录版本\6\setupWithNoDB\FileManager.Bll\ADHelper.cs:行号 498
   在 FileManager.Bll.ADHelper.AddNewUser(String commonName, String sAMAccountName, String password) 位置 E:\C#WINFORM_2015\私单资料准备\CSkin\bak\360安全卫士DEMO-10.30更新\360安全卫士DEMO-10.30更新\bak_5_7\域账号登录版本\6\setupWithNoDB\FileManager.Bll\ADHelper.cs:行号 70
Error#2015-10-28 23:28:39: 该服务器不可操作。

   在 System.DirectoryServices.DirectoryEntry.Bind(Boolean throwIfFail)
   在 System.DirectoryServices.DirectoryEntry.Bind()
   在 System.DirectoryServices.DirectoryEntry.get_IsContainer()
   在 System.DirectoryServices.DirectoryEntries.CheckIsContainer()
   在 System.DirectoryServices.DirectoryEntries.Find(String name, String schemaClassName)
   在 System.DirectoryServices.DirectoryEntries.Find(String name)
   在 FileManager.Bll.ADHelper.CreateNewUser(String ldapDN, String commonName, String sAMAccountName, String password) 位置 E:\C#WINFORM_2015\私单资料准备\CSkin\bak\360安全卫士DEMO-10.30更新\360安全卫士DEMO-10.30更新\bak_5_7\域账号登录版本\6\setupWithNoDB\FileManager.Bll\ADHelper.cs:行号 476
   在 FileManager.Bll.ADHelper.CreateNewUser(String commonName, String sAMAccountName, String password) 位置 E:\C#WINFORM_2015\私单资料准备\CSkin\bak\360安全卫士DEMO-10.30更新\360安全卫士DEMO-10.30更新\bak_5_7\域账号登录版本\6\setupWithNoDB\FileManager.Bll\ADHelper.cs:行号 498
   在 FileManager.Bll.ADHelper.AddNewUser(String commonName, String sAMAccountName, String password) 位置 E:\C#WINFORM_2015\私单资料准备\CSkin\bak\360安全卫士DEMO-10.30更新\360安全卫士DEMO-10.30更新\bak_5_7\域账号登录版本\6\setupWithNoDB\FileManager.Bll\ADHelper.cs:行号 70
Error#2015-10-28 23:29:21: 该服务器不可操作。

   在 System.DirectoryServices.DirectoryEntry.Bind(Boolean throwIfFail)
   在 System.DirectoryServices.DirectoryEntry.Bind()
   在 System.DirectoryServices.DirectoryEntry.get_IsContainer()
   在 System.DirectoryServices.DirectoryEntries.CheckIsContainer()
   在 System.DirectoryServices.DirectoryEntries.Find(String name, String schemaClassName)
   在 System.DirectoryServices.DirectoryEntries.Find(String name)
   在 FileManager.Bll.ADHelper.CreateNewUser(String ldapDN, String commonName, String sAMAccountName, String password) 位置 E:\C#WINFORM_2015\私单资料准备\CSkin\bak\360安全卫士DEMO-10.30更新\360安全卫士DEMO-10.30更新\bak_5_7\域账号登录版本\6\setupWithNoDB\FileManager.Bll\ADHelper.cs:行号 476
   在 FileManager.Bll.ADHelper.CreateNewUser(String commonName, String sAMAccountName, String password) 位置 E:\C#WINFORM_2015\私单资料准备\CSkin\bak\360安全卫士DEMO-10.30更新\360安全卫士DEMO-10.30更新\bak_5_7\域账号登录版本\6\setupWithNoDB\FileManager.Bll\ADHelper.cs:行号 498
   在 FileManager.Bll.ADHelper.AddNewUser(String commonName, String sAMAccountName, String password) 位置 E:\C#WINFORM_2015\私单资料准备\CSkin\bak\360安全卫士DEMO-10.30更新\360安全卫士DEMO-10.30更新\bak_5_7\域账号登录版本\6\setupWithNoDB\FileManager.Bll\ADHelper.cs:行号 70
